nvidia-installer log file '/var/log/nvidia-installer.log'
creation time: Mon May 19 13:58:12 2003

option status:
  license pre-accepted    : false
  update                  : false
  force update            : false
  expert                  : true
  uninstall               : false
  driver info             : false
  no precompiled interface: false
  no ncurses color        : false
  query latest driver ver : false
  no OpenGL header files  : false
  no questions            : false
  silent                  : false
  XFree86 install prefix  : /usr/X11R6
  OpenGL install prefix   : /usr
  Installer install prefix: /usr
  kernel include path     : (not specified)
  kernel install path     : (not specified)
  proc mount point        : /proc
  ui                      : (not specified)
  tmpdir                  : /tmp
  ftp site                : ftp://download.nvidia.com

chdir("./")
Using: nvidia-installer ncurses user interface
-> Searching for system utilities:
-> found `insmod` : `/sbin/insmod`
-> found `modprobe` : `/sbin/modprobe`
-> found `rmmod` : `/sbin/rmmod`
-> found `lsmod` : `/sbin/lsmod`
-> found `depmod` : `/sbin/depmod`
-> found `ldconfig` : `/sbin/ldconfig`
-> found `ld` : `/usr/bin/ld`
-> License accepted.
-> Kernel module installation path (Answer:
   '/lib/modules/2.4.20-1-k7/kernel/drivers/video ')
-> Kernel module installation path: /lib/modules/2.4.20-1-k7/kernel/drivers/vid
   eo
-> No precompiled kernel interface was found to match your kernel; would you li
   ke the installer to attempt to download a kernel interface for your kernel f
   rom the NVIDIA ftp site (ftp://download.nvidia.com)? (Answer: Yes)
-> 220 SJEQNXFTP1 Microsoft FTP Service (Version 5.0).
-> 331 Anonymous access allowed, send identity (e-mail name) as password.
-> 230 Anonymous user logged in.
-> 200 Type set to I.
-> 250 CWD command successful.
-> 227 Entering Passive Mode (216,228,115,20,42,251).
-> 213 1155
-> 125 Data connection already open; Transfer starting.
-> 226 Transfer complete.
-> 221  
-> No matching precompiled kernel interface was found on the NVIDIA ftp site;
   this means that the installer will need to compile a kernel interface for
   your kernel.
-> Kernel include path (Answer: '/usr/src/linux/include ')
-> Kernel include path: '/usr/src/linux/include'
-> Cleaning kernel module build directory.
   executing: 'cd ./usr/src/nv; make clean'...
   rm -f nv.o os-agp.o os-interface.o os-registry.o  nv-linux.o nv_compiler.h *
   .d NVdriver nvidia.o
-> Building kernel module:
   executing: 'cd ./usr/src/nv; make nvidia.o SYSINCLUDE=/usr/src/linux/include
   '...
   echo \#define NV_COMPILER \"`cc -v 2>&1 | tail -1`\" > nv_compiler.h
   cc -c -Wall -Wimplicit -Wreturn-type -Wswitch -Wformat -Wchar-subscripts -Wp
   arentheses -Wpointer-arith -Wcast-qual -Wno-multichar  -O -MD -D__KERNEL__ -
   DMODULE -D_LOOSE_KERNEL_NAMES -DNTRM -D_GNU_SOURCE -D_LOOSE_KERNEL_NAMES -D_
   _KERNEL__ -DMODULE  -DNV_MAJOR_VERSION=1 -DNV_MINOR_VERSION=0 -DNV_PATCHLEVE
   L=4349  -DNV_UNIX   -DNV_LINUX   -DNV_INT64_OK   -DNVCPU_X86       -I. -I/us
   r/src/linux/include -Wno-cast-qual nv.c
   In file included from /usr/src/linux/include/linux/mm.h:4,
                    from /usr/src/linux/include/linux/slab.h:14,
                    from nv-linux.h:71,
                    from nv.c:14:
   /usr/src/linux/include/linux/sched.h:809: conflicting types for `kernel_thre
   ad'
   /usr/include/asm/processor.h:436: previous declaration of `kernel_thread'
   make: *** [nv.o] Error 1
-> Error.
ERROR: Unable to build the NVIDIA kernel module.
ERROR: Installation has failed.  Please see the file
       '/var/log/nvidia-installer.log' for details.  You may find suggestions
       on fixing installation problems in the README available on the Linux
       driver download page at www.nvidia.com.

